<html>
<head>
<title>TestNG:  Default test</title>
<link href="../testng.css" rel="stylesheet" type="text/css" />
<link href="../my-testng.css" rel="stylesheet" type="text/css" />

<style type="text/css">
.log { display: none;} 
.stack-trace { display: none;} 
</style>
<script type="text/javascript">
<!--
function flip(e) {
  current = e.style.display;
  if (current == 'block') {
    e.style.display = 'none';
    return 0;
  }
  else {
    e.style.display = 'block';
    return 1;
  }
}

function toggleBox(szDivId, elem, msg1, msg2)
{
  var res = -1;  if (document.getElementById) {
    res = flip(document.getElementById(szDivId));
  }
  else if (document.all) {
    // this is the way old msie versions work
    res = flip(document.all[szDivId]);
  }
  if(elem) {
    if(res == 0) elem.innerHTML = msg1; else elem.innerHTML = msg2;
  }

}

function toggleAllBoxes() {
  if (document.getElementsByTagName) {
    d = document.getElementsByTagName('div');
    for (i = 0; i < d.length; i++) {
      if (d[i].className == 'log') {
        flip(d[i]);
      }
    }
  }
}

// -->
</script>

</head>
<body>
<h2 align='center'>Default test</h2><table border='1' align="center">
<tr>
<td>Tests passed/Failed/Skipped:</td><td>25/1/0</td>
</tr><tr>
<td>Started on:</td><td>Sun Mar 31 14:50:00 IST 2024</td>
</tr>
<tr><td>Total time:</td><td>128 seconds (128251 ms)</td>
</tr><tr>
<td>Included groups:</td><td></td>
</tr><tr>
<td>Excluded groups:</td><td></td>
</tr>
</table><p/>
<small><i>(Hover the method name to see the test class name)</i></small><p/>
<table width='100%' border='1' class='invocation-failed'>
<tr><td colspan='4' align='center'><b>FAILED TESTS</b></td></tr>
<tr><td><b>Test method</b></td>
<td><b>Attribute(s)</b></td>
<td width="30%"><b>Exception</b></td>
<td width="10%"><b>Time (seconds)</b></td>
<td><b>Instance</b></td>
</tr>
<tr>
<td title='testNGPractical.Individual_Assignment.PriceCalculation()'><b>PriceCalculation</b><br>Test class: testNGPractical.Individual_Assignment</td>
<td><div><pre>org.openqa.selenium.NoSuchElementException: no such element: Unable to locate element: {&quot;method&quot;:&quot;css selector&quot;,&quot;selector&quot;:&quot;#checkout_summary_container &gt; div &gt; div.summary_info &gt; div.summary_info_label.summary_total_label&quot;}
  (Session info: chrome=123.0.6312.86)
For documentation on this error, please visit: https://www.selenium.dev/documentation/webdriver/troubleshooting/errors#no-such-element-exception
Build info: version: &apos;4.14.1&apos;, revision: &apos;03f8ede370&apos;
System info: os.name: &apos;Windows 10&apos;, os.arch: &apos;amd64&apos;, os.version: &apos;10.0&apos;, java.version: &apos;20.0.2&apos;
Driver info: org.openqa.selenium.chrome.ChromeDriver
Command: [3578122c1553518fe3e43d52926b89f4, findElement {using=css selector, value=#checkout_summary_container &gt; div &gt; div.summary_info &gt; div.summary_info_label.summary_total_label}]
Capabilities {acceptInsecureCerts: false, browserName: chrome, browserVersion: 123.0.6312.86, chrome: {chromedriverVersion: 123.0.6312.86 (9b72c47a0536..., userDataDir: C:\Users\user\AppData\Local...}, fedcm:accounts: true, goog:chromeOptions: {debuggerAddress: localhost:51855}, networkConnectionEnabled: false, pageLoadStrategy: normal, platformName: windows, proxy: Proxy(), se:cdp: ws://localhost:51855/devtoo..., se:cdpVersion: 123.0.6312.86, setWindowRect: true, strictFileInteractability: false, timeouts: {implicit: 0, pageLoad: 300000, script: 30000}, unhandledPromptBehavior: dismiss and notify, webauthn:extension:credBlob: true, webauthn:extension:largeBlob: true, webauthn:extension:minPinLength: true, webauthn:extension:prf: true, webauthn:virtualAuthenticators: true}
Session ID: 3578122c1553518fe3e43d52926b89f4
	at java.base/jdk.internal.reflect.DirectConstructorHandleAccessor.newInstance(DirectConstructorHandleAccessor.java:67)
	at java.base/java.lang.reflect.Constructor.newInstanceWithCaller(Constructor.java:500)
	at java.base/java.lang.reflect.Constructor.newInstance(Constructor.java:484)
	at org.openqa.selenium.remote.codec.w3c.W3CHttpResponseCodec.createException(W3CHttpResponseCodec.java:200)
	at org.openqa.selenium.remote.codec.w3c.W3CHttpResponseCodec.decode(W3CHttpResponseCodec.java:133)
	at org.openqa.selenium.remote.codec.w3c.W3CHttpResponseCodec.decode(W3CHttpResponseCodec.java:52)
	at org.openqa.selenium.remote.HttpCommandExecutor.execute(HttpCommandExecutor.java:191)
	at org.openqa.selenium.remote.service.DriverCommandExecutor.invokeExecute(DriverCommandExecutor.java:200)
	at org.openqa.selenium.remote.service.DriverCommandExecutor.execute(DriverCommandExecutor.java:175)
	at org.openqa.selenium.remote.RemoteWebDriver.execute(RemoteWebDriver.java:602)
	at org.openqa.selenium.remote.ElementLocation$ElementFinder$2.findElement(ElementLocation.java:165)
	at org.openqa.selenium.remote.ElementLocation.findElement(ElementLocation.java:59)
	at org.openqa.selenium.remote.RemoteWebDriver.findElement(RemoteWebDriver.java:359)
	at org.openqa.selenium.remote.RemoteWebDriver.findElement(RemoteWebDriver.java:353)
	at testNGPractical.Individual_Assignment.PriceCalculation(Individual_Assignment.java:818)
	at java.base/jdk.internal.reflect.DirectMethodHandleAccessor.invoke(DirectMethodHandleAccessor.java:104)
	at java.base/java.lang.reflect.Method.invoke(Method.java:578)
	at org.testng.internal.invokers.MethodInvocationHelper.invokeMethod(MethodInvocationHelper.java:139)
	at org.testng.internal.invokers.TestInvoker.invokeMethod(TestInvoker.java:664)
	at org.testng.internal.invokers.TestInvoker.invokeTestMethod(TestInvoker.java:227)
	at org.testng.internal.invokers.MethodRunner.runInSequence(MethodRunner.java:50)
	at org.testng.internal.invokers.TestInvoker$MethodInvocationAgent.invoke(TestInvoker.java:957)
	at org.testng.internal.invokers.TestInvoker.invokeTestMethods(TestInvoker.java:200)
	at org.testng.internal.invokers.TestMethodWorker.invokeTestMethods(TestMethodWorker.java:148)
	at org.testng.internal.invokers.TestMethodWorker.run(TestMethodWorker.java:128)
	at java.base/java.util.ArrayList.forEach(ArrayList.java:1511)
	at org.testng.TestRunner.privateRun(TestRunner.java:848)
	at org.testng.TestRunner.run(TestRunner.java:621)
	at org.testng.SuiteRunner.runTest(SuiteRunner.java:443)
	at org.testng.SuiteRunner.runSequentially(SuiteRunner.java:437)
	at org.testng.SuiteRunner.privateRun(SuiteRunner.java:397)
	at org.testng.SuiteRunner.run(SuiteRunner.java:336)
	at org.testng.SuiteRunnerWorker.runSuite(SuiteRunnerWorker.java:52)
	at org.testng.SuiteRunnerWorker.run(SuiteRunnerWorker.java:95)
	at org.testng.TestNG.runSuitesSequentially(TestNG.java:1280)
	at org.testng.TestNG.runSuitesLocally(TestNG.java:1200)
	at org.testng.TestNG.runSuites(TestNG.java:1114)
	at org.testng.TestNG.run(TestNG.java:1082)
	at org.testng.remote.AbstractRemoteTestNG.run(AbstractRemoteTestNG.java:115)
	at org.testng.remote.RemoteTestNG.initAndRun(RemoteTestNG.java:251)
	at org.testng.remote.RemoteTestNG.main(RemoteTestNG.java:77)
</pre></div><a href='#' onClick='toggleBox("stack-trace1710591086", this, "Click to show all stack frames", "Click to hide stack frames")'>Click to show all stack frames</a>
<div class='stack-trace' id='stack-trace1710591086'><pre>org.openqa.selenium.NoSuchElementException: no such element: Unable to locate element: {&quot;method&quot;:&quot;css selector&quot;,&quot;selector&quot;:&quot;#checkout_summary_container &gt; div &gt; div.summary_info &gt; div.summary_info_label.summary_total_label&quot;}
  (Session info: chrome=123.0.6312.86)
For documentation on this error, please visit: https://www.selenium.dev/documentation/webdriver/troubleshooting/errors#no-such-element-exception
Build info: version: &apos;4.14.1&apos;, revision: &apos;03f8ede370&apos;
System info: os.name: &apos;Windows 10&apos;, os.arch: &apos;amd64&apos;, os.version: &apos;10.0&apos;, java.version: &apos;20.0.2&apos;
Driver info: org.openqa.selenium.chrome.ChromeDriver
Command: [3578122c1553518fe3e43d52926b89f4, findElement {using=css selector, value=#checkout_summary_container &gt; div &gt; div.summary_info &gt; div.summary_info_label.summary_total_label}]
Capabilities {acceptInsecureCerts: false, browserName: chrome, browserVersion: 123.0.6312.86, chrome: {chromedriverVersion: 123.0.6312.86 (9b72c47a0536..., userDataDir: C:\Users\user\AppData\Local...}, fedcm:accounts: true, goog:chromeOptions: {debuggerAddress: localhost:51855}, networkConnectionEnabled: false, pageLoadStrategy: normal, platformName: windows, proxy: Proxy(), se:cdp: ws://localhost:51855/devtoo..., se:cdpVersion: 123.0.6312.86, setWindowRect: true, strictFileInteractability: false, timeouts: {implicit: 0, pageLoad: 300000, script: 30000}, unhandledPromptBehavior: dismiss and notify, webauthn:extension:credBlob: true, webauthn:extension:largeBlob: true, webauthn:extension:minPinLength: true, webauthn:extension:prf: true, webauthn:virtualAuthenticators: true}
Session ID: 3578122c1553518fe3e43d52926b89f4
	at java.base/jdk.internal.reflect.DirectConstructorHandleAccessor.newInstance(DirectConstructorHandleAccessor.java:67)
	at java.base/java.lang.reflect.Constructor.newInstanceWithCaller(Constructor.java:500)
	at java.base/java.lang.reflect.Constructor.newInstance(Constructor.java:484)
	at org.openqa.selenium.remote.codec.w3c.W3CHttpResponseCodec.createException(W3CHttpResponseCodec.java:200)
	at org.openqa.selenium.remote.codec.w3c.W3CHttpResponseCodec.decode(W3CHttpResponseCodec.java:133)
	at org.openqa.selenium.remote.codec.w3c.W3CHttpResponseCodec.decode(W3CHttpResponseCodec.java:52)
	at org.openqa.selenium.remote.HttpCommandExecutor.execute(HttpCommandExecutor.java:191)
	at org.openqa.selenium.remote.service.DriverCommandExecutor.invokeExecute(DriverCommandExecutor.java:200)
	at org.openqa.selenium.remote.service.DriverCommandExecutor.execute(DriverCommandExecutor.java:175)
	at org.openqa.selenium.remote.RemoteWebDriver.execute(RemoteWebDriver.java:602)
	at org.openqa.selenium.remote.ElementLocation$ElementFinder$2.findElement(ElementLocation.java:165)
	at org.openqa.selenium.remote.ElementLocation.findElement(ElementLocation.java:59)
	at org.openqa.selenium.remote.RemoteWebDriver.findElement(RemoteWebDriver.java:359)
	at org.openqa.selenium.remote.RemoteWebDriver.findElement(RemoteWebDriver.java:353)
	at testNGPractical.Individual_Assignment.PriceCalculation(Individual_Assignment.java:818)
	at java.base/jdk.internal.reflect.DirectMethodHandleAccessor.invoke(DirectMethodHandleAccessor.java:104)
	at java.base/java.lang.reflect.Method.invoke(Method.java:578)
	at org.testng.internal.invokers.MethodInvocationHelper.invokeMethod(MethodInvocationHelper.java:139)
	at org.testng.internal.invokers.TestInvoker.invokeMethod(TestInvoker.java:664)
	at org.testng.internal.invokers.TestInvoker.invokeTestMethod(TestInvoker.java:227)
	at org.testng.internal.invokers.MethodRunner.runInSequence(MethodRunner.java:50)
	at org.testng.internal.invokers.TestInvoker$MethodInvocationAgent.invoke(TestInvoker.java:957)
	at org.testng.internal.invokers.TestInvoker.invokeTestMethods(TestInvoker.java:200)
	at org.testng.internal.invokers.TestMethodWorker.invokeTestMethods(TestMethodWorker.java:148)
	at org.testng.internal.invokers.TestMethodWorker.run(TestMethodWorker.java:128)
	at java.base/java.util.ArrayList.forEach(ArrayList.java:1511)
	at org.testng.TestRunner.privateRun(TestRunner.java:848)
	at org.testng.TestRunner.run(TestRunner.java:621)
	at org.testng.SuiteRunner.runTest(SuiteRunner.java:443)
	at org.testng.SuiteRunner.runSequentially(SuiteRunner.java:437)
	at org.testng.SuiteRunner.privateRun(SuiteRunner.java:397)
	at org.testng.SuiteRunner.run(SuiteRunner.java:336)
	at org.testng.SuiteRunnerWorker.runSuite(SuiteRunnerWorker.java:52)
	at org.testng.SuiteRunnerWorker.run(SuiteRunnerWorker.java:95)
	at org.testng.TestNG.runSuitesSequentially(TestNG.java:1280)
	at org.testng.TestNG.runSuitesLocally(TestNG.java:1200)
	at org.testng.TestNG.runSuites(TestNG.java:1114)
	at org.testng.TestNG.run(TestNG.java:1082)
	at org.testng.remote.AbstractRemoteTestNG.run(AbstractRemoteTestNG.java:115)
	at org.testng.remote.RemoteTestNG.initAndRun(RemoteTestNG.java:251)
	at org.testng.remote.RemoteTestNG.main(RemoteTestNG.java:77)
</pre></div></td>
<td>2</td>
<td>testNGPractical.Individual_Assignment@428640fa</td></tr>
</table><p>
<table width='100%' border='1' class='invocation-passed'>
<tr><td colspan='4' align='center'><b>PASSED TESTS</b></td></tr>
<tr><td><b>Test method</b></td>
<td><b>Attribute(s)</b></td>
<td width="30%"><b>Exception</b></td>
<td width="10%"><b>Time (seconds)</b></td>
<td><b>Instance</b></td>
</tr>
<tr>
<td title='testNGPractical.Individual_Assignment.FailedUserLoginFunction1()'><b>FailedUserLoginFunction1</b><br>Test class: testNGPractical.Individual_Assignment</td>
<td></td>
<td>5</td>
<td>testNGPractical.Individual_Assignment@428640fa</td></tr>
<tr>
<td title='testNGPractical.Individual_Assignment.ButtonTrasition()'><b>ButtonTrasition</b><br>Test class: testNGPractical.Individual_Assignment</td>
<td></td>
<td>5</td>
<td>testNGPractical.Individual_Assignment@428640fa</td></tr>
<tr>
<td title='testNGPractical.Individual_Assignment.FailedUserLoginFunction3()'><b>FailedUserLoginFunction3</b><br>Test class: testNGPractical.Individual_Assignment</td>
<td></td>
<td>10</td>
<td>testNGPractical.Individual_Assignment@428640fa</td></tr>
<tr>
<td title='testNGPractical.Individual_Assignment.VerifyCheckoutHeaderTxt()'><b>VerifyCheckoutHeaderTxt</b><br>Test class: testNGPractical.Individual_Assignment</td>
<td></td>
<td>2</td>
<td>testNGPractical.Individual_Assignment@428640fa</td></tr>
<tr>
<td title='testNGPractical.Individual_Assignment.CartItemCount()'><b>CartItemCount</b><br>Test class: testNGPractical.Individual_Assignment</td>
<td></td>
<td>0</td>
<td>testNGPractical.Individual_Assignment@428640fa</td></tr>
<tr>
<td title='testNGPractical.Individual_Assignment.ContinueBTN()'><b>ContinueBTN</b><br>Test class: testNGPractical.Individual_Assignment</td>
<td></td>
<td>9</td>
<td>testNGPractical.Individual_Assignment@428640fa</td></tr>
<tr>
<td title='testNGPractical.Individual_Assignment.VerifyCheckoutHeaderText()'><b>VerifyCheckoutHeaderText</b><br>Test class: testNGPractical.Individual_Assignment</td>
<td></td>
<td>2</td>
<td>testNGPractical.Individual_Assignment@428640fa</td></tr>
<tr>
<td title='testNGPractical.Individual_Assignment.finishbutton()'><b>finishbutton</b><br>Test class: testNGPractical.Individual_Assignment</td>
<td></td>
<td>10</td>
<td>testNGPractical.Individual_Assignment@428640fa</td></tr>
<tr>
<td title='testNGPractical.Individual_Assignment.VerifyItemDetails()'><b>VerifyItemDetails</b><br>Test class: testNGPractical.Individual_Assignment</td>
<td></td>
<td>2</td>
<td>testNGPractical.Individual_Assignment@428640fa</td></tr>
<tr>
<td title='testNGPractical.Individual_Assignment.VerifyHeaderText()'><b>VerifyHeaderText</b><br>Test class: testNGPractical.Individual_Assignment</td>
<td></td>
<td>2</td>
<td>testNGPractical.Individual_Assignment@428640fa</td></tr>
<tr>
<td title='testNGPractical.Individual_Assignment.VerifyItemCount()'><b>VerifyItemCount</b><br>Test class: testNGPractical.Individual_Assignment</td>
<td></td>
<td>2</td>
<td>testNGPractical.Individual_Assignment@428640fa</td></tr>
<tr>
<td title='testNGPractical.Individual_Assignment.FailedUserLoginFunction2()'><b>FailedUserLoginFunction2</b><br>Test class: testNGPractical.Individual_Assignment</td>
<td></td>
<td>7</td>
<td>testNGPractical.Individual_Assignment@428640fa</td></tr>
<tr>
<td title='testNGPractical.Individual_Assignment.CheckoutBTN()'><b>CheckoutBTN</b><br>Test class: testNGPractical.Individual_Assignment</td>
<td></td>
<td>2</td>
<td>testNGPractical.Individual_Assignment@428640fa</td></tr>
<tr>
<td title='testNGPractical.Individual_Assignment.VerifyItemPrice()'><b>VerifyItemPrice</b><br>Test class: testNGPractical.Individual_Assignment</td>
<td></td>
<td>2</td>
<td>testNGPractical.Individual_Assignment@428640fa</td></tr>
<tr>
<td title='testNGPractical.Individual_Assignment.ComparePrice()'><b>ComparePrice</b><br>Test class: testNGPractical.Individual_Assignment</td>
<td></td>
<td>2</td>
<td>testNGPractical.Individual_Assignment@428640fa</td></tr>
<tr>
<td title='testNGPractical.Individual_Assignment.ContinueShoppingBTN()'><b>ContinueShoppingBTN</b><br>Test class: testNGPractical.Individual_Assignment</td>
<td></td>
<td>5</td>
<td>testNGPractical.Individual_Assignment@428640fa</td></tr>
<tr>
<td title='testNGPractical.Individual_Assignment.ContinueBTNerr2()'><b>ContinueBTNerr2</b><br>Test class: testNGPractical.Individual_Assignment</td>
<td></td>
<td>4</td>
<td>testNGPractical.Individual_Assignment@428640fa</td></tr>
<tr>
<td title='testNGPractical.Individual_Assignment.VerifyPageTitle()'><b>VerifyPageTitle</b><br>Test class: testNGPractical.Individual_Assignment</td>
<td></td>
<td>2</td>
<td>testNGPractical.Individual_Assignment@428640fa</td></tr>
<tr>
<td title='testNGPractical.Individual_Assignment.CancelBTN()'><b>CancelBTN</b><br>Test class: testNGPractical.Individual_Assignment</td>
<td></td>
<td>4</td>
<td>testNGPractical.Individual_Assignment@428640fa</td></tr>
<tr>
<td title='testNGPractical.Individual_Assignment.ClickcartIcon()'><b>ClickcartIcon</b><br>Test class: testNGPractical.Individual_Assignment</td>
<td></td>
<td>2</td>
<td>testNGPractical.Individual_Assignment@428640fa</td></tr>
<tr>
<td title='testNGPractical.Individual_Assignment.VerifyCartHeaderText()'><b>VerifyCartHeaderText</b><br>Test class: testNGPractical.Individual_Assignment</td>
<td></td>
<td>2</td>
<td>testNGPractical.Individual_Assignment@428640fa</td></tr>
<tr>
<td title='testNGPractical.Individual_Assignment.SuccessUserLoginFunction()'><b>SuccessUserLoginFunction</b><br>Test class: testNGPractical.Individual_Assignment</td>
<td></td>
<td>10</td>
<td>testNGPractical.Individual_Assignment@428640fa</td></tr>
<tr>
<td title='testNGPractical.Individual_Assignment.ContinueBTNerr1()'><b>ContinueBTNerr1</b><br>Test class: testNGPractical.Individual_Assignment</td>
<td></td>
<td>3</td>
<td>testNGPractical.Individual_Assignment@428640fa</td></tr>
<tr>
<td title='testNGPractical.Individual_Assignment.VerifyLoadedResult()'><b>VerifyLoadedResult</b><br>Test class: testNGPractical.Individual_Assignment</td>
<td></td>
<td>2</td>
<td>testNGPractical.Individual_Assignment@428640fa</td></tr>
<tr>
<td title='testNGPractical.Individual_Assignment.RemoveBTN()'><b>RemoveBTN</b><br>Test class: testNGPractical.Individual_Assignment</td>
<td></td>
<td>14</td>
<td>testNGPractical.Individual_Assignment@428640fa</td></tr>
</table><p>
</body>
</html>