<?xml version="1.0" encoding="UTF-8"?>
<!-- Generated by org.testng.reporters.JUnitXMLReporter -->
<testsuite ignored="0" hostname="DESKTOP-QBL1DR2" failures="1" tests="26" name="Default test" time="128.251" errors="0" timestamp="2024-03-31T14:52:09 IST">
  <testcase classname="testNGPractical.Individual_Assignment" name="FailedUserLoginFunction1" time="5.836"/>
  <testcase classname="testNGPractical.Individual_Assignment" name="FailedUserLoginFunction2" time="7.996"/>
  <testcase classname="testNGPractical.Individual_Assignment" name="FailedUserLoginFunction3" time="10.008"/>
  <testcase classname="testNGPractical.Individual_Assignment" name="SuccessUserLoginFunction" time="10.064"/>
  <testcase classname="testNGPractical.Individual_Assignment" name="VerifyLoadedResult" time="2.465"/>
  <testcase classname="testNGPractical.Individual_Assignment" name="VerifyHeaderText" time="2.42"/>
  <testcase classname="testNGPractical.Individual_Assignment" name="VerifyPageTitle" time="2.309"/>
  <testcase classname="testNGPractical.Individual_Assignment" name="ButtonTrasition" time="5.501"/>
  <testcase classname="testNGPractical.Individual_Assignment" name="CartItemCount" time="0.339"/>
  <testcase classname="testNGPractical.Individual_Assignment" name="ClickcartIcon" time="2.407"/>
  <testcase classname="testNGPractical.Individual_Assignment" name="VerifyCartHeaderText" time="2.32"/>
  <testcase classname="testNGPractical.Individual_Assignment" name="VerifyItemDetails" time="2.314"/>
  <testcase classname="testNGPractical.Individual_Assignment" name="VerifyItemPrice" time="2.295"/>
  <testcase classname="testNGPractical.Individual_Assignment" name="VerifyItemCount" time="2.259"/>
  <testcase classname="testNGPractical.Individual_Assignment" name="ContinueShoppingBTN" time="5.697"/>
  <testcase classname="testNGPractical.Individual_Assignment" name="RemoveBTN" time="14.74"/>
  <testcase classname="testNGPractical.Individual_Assignment" name="CheckoutBTN" time="2.382"/>
  <testcase classname="testNGPractical.Individual_Assignment" name="VerifyCheckoutHeaderText" time="2.309"/>
  <testcase classname="testNGPractical.Individual_Assignment" name="CancelBTN" time="4.434"/>
  <testcase classname="testNGPractical.Individual_Assignment" name="ContinueBTNerr1" time="3.413"/>
  <testcase classname="testNGPractical.Individual_Assignment" name="ContinueBTNerr2" time="4.66"/>
  <testcase classname="testNGPractical.Individual_Assignment" name="ContinueBTN" time="9.118"/>
  <testcase classname="testNGPractical.Individual_Assignment" name="VerifyCheckoutHeaderTxt" time="2.33"/>
  <testcase classname="testNGPractical.Individual_Assignment" name="ComparePrice" time="2.304"/>
  <testcase classname="testNGPractical.Individual_Assignment" name="PriceCalculation" time="2.11">
    <failure type="org.openqa.selenium.NoSuchElementException" message="no such element: Unable to locate element: {&amp;quot;method&amp;quot;:&amp;quot;css selector&amp;quot;,&amp;quot;selector&amp;quot;:&amp;quot;#checkout_summary_container &amp;gt; div &amp;gt; div.summary_info &amp;gt; div.summary_info_label.summary_total_label&amp;quot;}
  (Session info: chrome=123.0.6312.86)
For documentation on this error, please visit: https://www.selenium.dev/documentation/webdriver/troubleshooting/errors#no-such-element-exception
Build info: version: &amp;apos;4.14.1&amp;apos;, revision: &amp;apos;03f8ede370&amp;apos;
System info: os.name: &amp;apos;Windows 10&amp;apos;, os.arch: &amp;apos;amd64&amp;apos;, os.version: &amp;apos;10.0&amp;apos;, java.version: &amp;apos;20.0.2&amp;apos;
Driver info: org.openqa.selenium.chrome.ChromeDriver
Command: [3578122c1553518fe3e43d52926b89f4, findElement {using=css selector, value=#checkout_summary_container &amp;gt; div &amp;gt; div.summary_info &amp;gt; div.summary_info_label.summary_total_label}]
Capabilities {acceptInsecureCerts: false, browserName: chrome, browserVersion: 123.0.6312.86, chrome: {chromedriverVersion: 123.0.6312.86 (9b72c47a0536..., userDataDir: C:\Users\user\AppData\Local...}, fedcm:accounts: true, goog:chromeOptions: {debuggerAddress: localhost:51855}, networkConnectionEnabled: false, pageLoadStrategy: normal, platformName: windows, proxy: Proxy(), se:cdp: ws://localhost:51855/devtoo..., se:cdpVersion: 123.0.6312.86, setWindowRect: true, strictFileInteractability: false, timeouts: {implicit: 0, pageLoad: 300000, script: 30000}, unhandledPromptBehavior: dismiss and notify, webauthn:extension:credBlob: true, webauthn:extension:largeBlob: true, webauthn:extension:minPinLength: true, webauthn:extension:prf: true, webauthn:virtualAuthenticators: true}
Session ID: 3578122c1553518fe3e43d52926b89f4">
      <![CDATA[org.openqa.selenium.NoSuchElementException: no such element: Unable to locate element: {"method":"css selector","selector":"#checkout_summary_container > div > div.summary_info > div.summary_info_label.summary_total_label"}
  (Session info: chrome=123.0.6312.86)
For documentation on this error, please visit: https://www.selenium.dev/documentation/webdriver/troubleshooting/errors#no-such-element-exception
Build info: version: '4.14.1', revision: '03f8ede370'
System info: os.name: 'Windows 10', os.arch: 'amd64', os.version: '10.0', java.version: '20.0.2'
Driver info: org.openqa.selenium.chrome.ChromeDriver
Command: [3578122c1553518fe3e43d52926b89f4, findElement {using=css selector, value=#checkout_summary_container > div > div.summary_info > div.summary_info_label.summary_total_label}]
Capabilities {acceptInsecureCerts: false, browserName: chrome, browserVersion: 123.0.6312.86, chrome: {chromedriverVersion: 123.0.6312.86 (9b72c47a0536..., userDataDir: C:\Users\user\AppData\Local...}, fedcm:accounts: true, goog:chromeOptions: {debuggerAddress: localhost:51855}, networkConnectionEnabled: false, pageLoadStrategy: normal, platformName: windows, proxy: Proxy(), se:cdp: ws://localhost:51855/devtoo..., se:cdpVersion: 123.0.6312.86, setWindowRect: true, strictFileInteractability: false, timeouts: {implicit: 0, pageLoad: 300000, script: 30000}, unhandledPromptBehavior: dismiss and notify, webauthn:extension:credBlob: true, webauthn:extension:largeBlob: true, webauthn:extension:minPinLength: true, webauthn:extension:prf: true, webauthn:virtualAuthenticators: true}
Session ID: 3578122c1553518fe3e43d52926b89f4
at java.base/jdk.internal.reflect.DirectConstructorHandleAccessor.newInstance(DirectConstructorHandleAccessor.java:67)
at java.base/java.lang.reflect.Constructor.newInstanceWithCaller(Constructor.java:500)
at java.base/java.lang.reflect.Constructor.newInstance(Constructor.java:484)
at org.openqa.selenium.remote.codec.w3c.W3CHttpResponseCodec.createException(W3CHttpResponseCodec.java:200)
at org.openqa.selenium.remote.codec.w3c.W3CHttpResponseCodec.decode(W3CHttpResponseCodec.java:133)
at org.openqa.selenium.remote.codec.w3c.W3CHttpResponseCodec.decode(W3CHttpResponseCodec.java:52)
at org.openqa.selenium.remote.HttpCommandExecutor.execute(HttpCommandExecutor.java:191)
at org.openqa.selenium.remote.service.DriverCommandExecutor.invokeExecute(DriverCommandExecutor.java:200)
at org.openqa.selenium.remote.service.DriverCommandExecutor.execute(DriverCommandExecutor.java:175)
at org.openqa.selenium.remote.RemoteWebDriver.execute(RemoteWebDriver.java:602)
at org.openqa.selenium.remote.ElementLocation$ElementFinder$2.findElement(ElementLocation.java:165)
at org.openqa.selenium.remote.ElementLocation.findElement(ElementLocation.java:59)
at org.openqa.selenium.remote.RemoteWebDriver.findElement(RemoteWebDriver.java:359)
at org.openqa.selenium.remote.RemoteWebDriver.findElement(RemoteWebDriver.java:353)
at testNGPractical.Individual_Assignment.PriceCalculation(Individual_Assignment.java:818)
at java.base/jdk.internal.reflect.DirectMethodHandleAccessor.invoke(DirectMethodHandleAccessor.java:104)
at java.base/java.lang.reflect.Method.invoke(Method.java:578)
at org.testng.internal.invokers.MethodInvocationHelper.invokeMethod(MethodInvocationHelper.java:139)
at org.testng.internal.invokers.TestInvoker.invokeMethod(TestInvoker.java:664)
at org.testng.internal.invokers.TestInvoker.invokeTestMethod(TestInvoker.java:227)
at org.testng.internal.invokers.MethodRunner.runInSequence(MethodRunner.java:50)
at org.testng.internal.invokers.TestInvoker$MethodInvocationAgent.invoke(TestInvoker.java:957)
at org.testng.internal.invokers.TestInvoker.invokeTestMethods(TestInvoker.java:200)
at org.testng.internal.invokers.TestMethodWorker.invokeTestMethods(TestMethodWorker.java:148)
at org.testng.internal.invokers.TestMethodWorker.run(TestMethodWorker.java:128)
at java.base/java.util.ArrayList.forEach(ArrayList.java:1511)
at org.testng.TestRunner.privateRun(TestRunner.java:848)
at org.testng.TestRunner.run(TestRunner.java:621)
at org.testng.SuiteRunner.runTest(SuiteRunner.java:443)
at org.testng.SuiteRunner.runSequentially(SuiteRunner.java:437)
at org.testng.SuiteRunner.privateRun(SuiteRunner.java:397)
at org.testng.SuiteRunner.run(SuiteRunner.java:336)
at org.testng.SuiteRunnerWorker.runSuite(SuiteRunnerWorker.java:52)
at org.testng.SuiteRunnerWorker.run(SuiteRunnerWorker.java:95)
at org.testng.TestNG.runSuitesSequentially(TestNG.java:1280)
at org.testng.TestNG.runSuitesLocally(TestNG.java:1200)
at org.testng.TestNG.runSuites(TestNG.java:1114)
at org.testng.TestNG.run(TestNG.java:1082)
at org.testng.remote.AbstractRemoteTestNG.run(AbstractRemoteTestNG.java:115)
at org.testng.remote.RemoteTestNG.initAndRun(RemoteTestNG.java:251)
at org.testng.remote.RemoteTestNG.main(RemoteTestNG.java:77)
]]>
    </failure>
  </testcase> <!-- PriceCalculation -->
  <testcase classname="testNGPractical.Individual_Assignment" name="finishbutton" time="10.166"/>
</testsuite> <!-- Default test -->
